# JRE version: OpenJDK Runtime Environment Temurin-21.0.6+7 (21.0.6+7) (build 21.0.6+7-LTS)
# Java VM: OpenJDK 64-Bit Server VM Temurin-21.0.6+7 (21.0.6+7-LTS, mixed mode, sharing, tiered, compressed oops, compressed class ptrs, parallel gc, linux-amd64)
GC Precious Log:
 CardTable entry size: 512
 CPUs: 12 total, 12 available
 Memory: 15768M
 Large Page Support: Disabled
 NUMA Support: Disabled
 Compressed Oops: Enabled (32-bit)
 Alignments: Space 512K, Generation 512K, Heap 2M
 Heap Min Capacity: 100M
 Heap Initial Capacity: 100M
 Heap Max Capacity: 1G
 Pre-touch: Disabled
 Parallel Workers: 10
Heap:
 PSYoungGen      total 11776K, used 6838K [0x00000000eab00000, 0x00000000eb900000, 0x0000000100000000)
  eden space 9216K, 49% used [0x00000000eab00000,0x00000000eaf6eab0,0x00000000eb400000)
  from space 2560K, 89% used [0x00000000eb680000,0x00000000eb8bf080,0x00000000eb900000)
  to   space 2560K, 0% used [0x00000000eb400000,0x00000000eb400000,0x00000000eb680000)
 ParOldGen       total 150016K, used 149731K [0x00000000c0000000, 0x00000000c9280000, 0x00000000eab00000)
  object space 150016K, 99% used [0x00000000c0000000,0x00000000c9238f18,0x00000000c9280000)
 Metaspace       used 54836K, committed 56064K, reserved 1114112K
  class space    used 5664K, committed 6208K, reserved 1048576K
GC Heap History (20 events):
Event: 4,537 GC heap before
{Heap before GC invocations=63 (full 2):
 PSYoungGen      total 11776K, used 11568K [0x00000000eab00000, 0x00000000eb900000, 0x0000000100000000)
  eden space 9216K, 100% used [0x00000000eab00000,0x00000000eb400000,0x00000000eb400000)
  from space 2560K, 91% used [0x00000000eb680000,0x00000000eb8cc300,0x00000000eb900000)
  to   space 2560K, 0% used [0x00000000eb400000,0x00000000eb400000,0x00000000eb680000)
 ParOldGen       total 128512K, used 128368K [0x00000000c0000000, 0x00000000c7d80000, 0x00000000eab00000)
  object space 128512K, 99% used [0x00000000c0000000,0x00000000c7d5c1c8,0x00000000c7d80000)
 Metaspace       used 54836K, committed 56064K, reserved 1114112K
  class space    used 5664K, committed 6208K, reserved 1048576K
}
Event: 4,539 GC heap after
{Heap after GC invocations=63 (full 2):
 PSYoungGen      total 11776K, used 2433K [0x00000000eab00000, 0x00000000eb900000, 0x0000000100000000)
  eden space 9216K, 0% used [0x00000000eab00000,0x00000000eab00000,0x00000000eb400000)
  from space 2560K, 95% used [0x00000000eb400000,0x00000000eb660720,0x00000000eb680000)
  to   space 2560K, 0% used [0x00000000eb680000,0x00000000eb680000,0x00000000eb900000)
 ParOldGen       total 130560K, used 130556K [0x00000000c0000000, 0x00000000c7f80000, 0x00000000eab00000)
  object space 130560K, 99% used [0x00000000c0000000,0x00000000c7f7f1a8,0x00000000c7f80000)
 Metaspace       used 54836K, committed 56064K, reserved 1114112K
  class space    used 5664K, committed 6208K, reserved 1048576K
}
Event: 4,565 GC heap before
{Heap before GC invocations=64 (full 2):
 PSYoungGen      total 11776K, used 11649K [0x00000000eab00000, 0x00000000eb900000, 0x0000000100000000)
  eden space 9216K, 100% used [0x00000000eab00000,0x00000000eb400000,0x00000000eb400000)
  from space 2560K, 95% used [0x00000000eb400000,0x00000000eb660720,0x00000000eb680000)
  to   space 2560K, 0% used [0x00000000eb680000,0x00000000eb680000,0x00000000eb900000)
 ParOldGen       total 130560K, used 130556K [0x00000000c0000000, 0x00000000c7f80000, 0x00000000eab00000)
  object space 130560K, 99% used [0x00000000c0000000,0x00000000c7f7f1a8,0x00000000c7f80000)
 Metaspace       used 54836K, committed 56064K, reserved 1114112K
  class space    used 5664K, committed 6208K, reserved 1048576K
}
Event: 4,567 GC heap after
{Heap after GC invocations=64 (full 2):
 PSYoungGen      total 11776K, used 2302K [0x00000000eab00000, 0x00000000eb900000, 0x0000000100000000)
  eden space 9216K, 0% used [0x00000000eab00000,0x00000000eab00000,0x00000000eb400000)
  from space 2560K, 89% used [0x00000000eb680000,0x00000000eb8bfb30,0x00000000eb900000)
  to   space 2560K, 0% used [0x00000000eb400000,0x00000000eb400000,0x00000000eb680000)
 ParOldGen       total 133120K, used 132827K [0x00000000c0000000, 0x00000000c8200000, 0x00000000eab00000)
  object space 133120K, 99% used [0x00000000c0000000,0x00000000c81b6d70,0x00000000c8200000)
 Metaspace       used 54836K, committed 56064K, reserved 1114112K
  class space    used 5664K, committed 6208K, reserved 1048576K
}
Event: 4,590 GC heap before
{Heap before GC invocations=65 (full 2):
 PSYoungGen      total 11776K, used 11518K [0x00000000eab00000, 0x00000000eb900000, 0x0000000100000000)
  eden space 9216K, 100% used [0x00000000eab00000,0x00000000eb400000,0x00000000eb400000)
  from space 2560K, 89% used [0x00000000eb680000,0x00000000eb8bfb30,0x00000000eb900000)
  to   space 2560K, 0% used [0x00000000eb400000,0x00000000eb400000,0x00000000eb680000)
 ParOldGen       total 133120K, used 132827K [0x00000000c0000000, 0x00000000c8200000, 0x00000000eab00000)
  object space 133120K, 99% used [0x00000000c0000000,0x00000000c81b6d70,0x00000000c8200000)
 Metaspace       used 54836K, committed 56064K, reserved 1114112K
  class space    used 5664K, committed 6208K, reserved 1048576K
}
Event: 4,592 GC heap after
{Heap after GC invocations=65 (full 2):
 PSYoungGen      total 11776K, used 2208K [0x00000000eab00000, 0x00000000eb900000, 0x0000000100000000)
  eden space 9216K, 0% used [0x00000000eab00000,0x00000000eab00000,0x00000000eb400000)
  from space 2560K, 86% used [0x00000000eb400000,0x00000000eb6283c8,0x00000000eb680000)
  to   space 2560K, 0% used [0x00000000eb680000,0x00000000eb680000,0x00000000eb900000)
 ParOldGen       total 135168K, used 134961K [0x00000000c0000000, 0x00000000c8400000, 0x00000000eab00000)
  object space 135168K, 99% used [0x00000000c0000000,0x00000000c83cc608,0x00000000c8400000)
 Metaspace       used 54836K, committed 56064K, reserved 1114112K
  class space    used 5664K, committed 6208K, reserved 1048576K
}
Event: 4,620 GC heap before
{Heap before GC invocations=66 (full 2):
 PSYoungGen      total 11776K, used 11424K [0x00000000eab00000, 0x00000000eb900000, 0x0000000100000000)
  eden space 9216K, 100% used [0x00000000eab00000,0x00000000eb400000,0x00000000eb400000)
  from space 2560K, 86% used [0x00000000eb400000,0x00000000eb6283c8,0x00000000eb680000)
  to   space 2560K, 0% used [0x00000000eb680000,0x00000000eb680000,0x00000000eb900000)
 ParOldGen       total 135168K, used 134961K [0x00000000c0000000, 0x00000000c8400000, 0x00000000eab00000)
  object space 135168K, 99% used [0x00000000c0000000,0x00000000c83cc608,0x00000000c8400000)
 Metaspace       used 54836K, committed 56064K, reserved 1114112K
  class space    used 5664K, committed 6208K, reserved 1048576K
}
Event: 4,622 GC heap after
{Heap after GC invocations=66 (full 2):
 PSYoungGen      total 11776K, used 2228K [0x00000000eab00000, 0x00000000eb900000, 0x0000000100000000)
  eden space 9216K, 0% used [0x00000000eab00000,0x00000000eab00000,0x00000000eb400000)
  from space 2560K, 87% used [0x00000000eb680000,0x00000000eb8ad1c8,0x00000000eb900000)
  to   space 2560K, 0% used [0x00000000eb400000,0x00000000eb400000,0x00000000eb680000)
 ParOldGen       total 137216K, used 136991K [0x00000000c0000000, 0x00000000c8600000, 0x00000000eab00000)
  object space 137216K, 99% used [0x00000000c0000000,0x00000000c85c7c40,0x00000000c8600000)
 Metaspace       used 54836K, committed 56064K, reserved 1114112K
  class space    used 5664K, committed 6208K, reserved 1048576K
}
Event: 4,648 GC heap before
{Heap before GC invocations=67 (full 2):
 PSYoungGen      total 11776K, used 11444K [0x00000000eab00000, 0x00000000eb900000, 0x0000000100000000)
  eden space 9216K, 100% used [0x00000000eab00000,0x00000000eb400000,0x00000000eb400000)
  from space 2560K, 87% used [0x00000000eb680000,0x00000000eb8ad1c8,0x00000000eb900000)
  to   space 2560K, 0% used [0x00000000eb400000,0x00000000eb400000,0x00000000eb680000)
 ParOldGen       total 137216K, used 136991K [0x00000000c0000000, 0x00000000c8600000, 0x00000000eab00000)
  object space 137216K, 99% used [0x00000000c0000000,0x00000000c85c7c40,0x00000000c8600000)
 Metaspace       used 54836K, committed 56064K, reserved 1114112K
  class space    used 5664K, committed 6208K, reserved 1048576K
}
Event: 4,650 GC heap after
{Heap after GC invocations=67 (full 2):
 PSYoungGen      total 11776K, used 2305K [0x00000000eab00000, 0x00000000eb900000, 0x0000000100000000)
  eden space 9216K, 0% used [0x00000000eab00000,0x00000000eab00000,0x00000000eb400000)
  from space 2560K, 90% used [0x00000000eb400000,0x00000000eb6405c0,0x00000000eb680000)
  to   space 2560K, 0% used [0x00000000eb680000,0x00000000eb680000,0x00000000eb900000)
 ParOldGen       total 139264K, used 139060K [0x00000000c0000000, 0x00000000c8800000, 0x00000000eab00000)
  object space 139264K, 99% used [0x00000000c0000000,0x00000000c87cd208,0x00000000c8800000)
 Metaspace       used 54836K, committed 56064K, reserved 1114112K
  class space    used 5664K, committed 6208K, reserved 1048576K
}
Event: 4,672 GC heap before
{Heap before GC invocations=68 (full 2):
 PSYoungGen      total 11776K, used 11521K [0x00000000eab00000, 0x00000000eb900000, 0x0000000100000000)
  eden space 9216K, 100% used [0x00000000eab00000,0x00000000eb400000,0x00000000eb400000)
  from space 2560K, 90% used [0x00000000eb400000,0x00000000eb6405c0,0x00000000eb680000)
  to   space 2560K, 0% used [0x00000000eb680000,0x00000000eb680000,0x00000000eb900000)
 ParOldGen       total 139264K, used 139060K [0x00000000c0000000, 0x00000000c8800000, 0x00000000eab00000)
  object space 139264K, 99% used [0x00000000c0000000,0x00000000c87cd208,0x00000000c8800000)
 Metaspace       used 54836K, committed 56064K, reserved 1114112K
  class space    used 5664K, committed 6208K, reserved 1048576K
}
Event: 4,673 GC heap after
{Heap after GC invocations=68 (full 2):
 PSYoungGen      total 11776K, used 2332K [0x00000000eab00000, 0x00000000eb900000, 0x0000000100000000)
  eden space 9216K, 0% used [0x00000000eab00000,0x00000000eab00000,0x00000000eb400000)
  from space 2560K, 91% used [0x00000000eb680000,0x00000000eb8c7090,0x00000000eb900000)
  to   space 2560K, 0% used [0x00000000eb400000,0x00000000eb400000,0x00000000eb680000)
 ParOldGen       total 141312K, used 141173K [0x00000000c0000000, 0x00000000c8a00000, 0x00000000eab00000)
  object space 141312K, 99% used [0x00000000c0000000,0x00000000c89dd598,0x00000000c8a00000)
 Metaspace       used 54836K, committed 56064K, reserved 1114112K
  class space    used 5664K, committed 6208K, reserved 1048576K
}
Event: 4,690 GC heap before
{Heap before GC invocations=69 (full 2):
 PSYoungGen      total 11776K, used 11548K [0x00000000eab00000, 0x00000000eb900000, 0x0000000100000000)
  eden space 9216K, 100% used [0x00000000eab00000,0x00000000eb400000,0x00000000eb400000)
  from space 2560K, 91% used [0x00000000eb680000,0x00000000eb8c7090,0x00000000eb900000)
  to   space 2560K, 0% used [0x00000000eb400000,0x00000000eb400000,0x00000000eb680000)
 ParOldGen       total 141312K, used 141173K [0x00000000c0000000, 0x00000000c8a00000, 0x00000000eab00000)
  object space 141312K, 99% used [0x00000000c0000000,0x00000000c89dd598,0x00000000c8a00000)
 Metaspace       used 54836K, committed 56064K, reserved 1114112K
  class space    used 5664K, committed 6208K, reserved 1048576K
}
Event: 4,691 GC heap after
{Heap after GC invocations=69 (full 2):
 PSYoungGen      total 11776K, used 2373K [0x00000000eab00000, 0x00000000eb900000, 0x0000000100000000)
  eden space 9216K, 0% used [0x00000000eab00000,0x00000000eab00000,0x00000000eb400000)
  from space 2560K, 92% used [0x00000000eb400000,0x00000000eb651748,0x00000000eb680000)
  to   space 2560K, 0% used [0x00000000eb680000,0x00000000eb680000,0x00000000eb900000)
 ParOldGen       total 143872K, used 143367K [0x00000000c0000000, 0x00000000c8c80000, 0x00000000eab00000)
  object space 143872K, 99% used [0x00000000c0000000,0x00000000c8c01e88,0x00000000c8c80000)
 Metaspace       used 54836K, committed 56064K, reserved 1114112K
  class space    used 5664K, committed 6208K, reserved 1048576K
}
Event: 4,706 GC heap before
{Heap before GC invocations=70 (full 2):
 PSYoungGen      total 11776K, used 11589K [0x00000000eab00000, 0x00000000eb900000, 0x0000000100000000)
  eden space 9216K, 100% used [0x00000000eab00000,0x00000000eb400000,0x00000000eb400000)
  from space 2560K, 92% used [0x00000000eb400000,0x00000000eb651748,0x00000000eb680000)
  to   space 2560K, 0% used [0x00000000eb680000,0x00000000eb680000,0x00000000eb900000)
 ParOldGen       total 143872K, used 143367K [0x00000000c0000000, 0x00000000c8c80000, 0x00000000eab00000)
  object space 143872K, 99% used [0x00000000c0000000,0x00000000c8c01e88,0x00000000c8c80000)
 Metaspace       used 54836K, committed 56064K, reserved 1114112K
  class space    used 5664K, committed 6208K, reserved 1048576K
}
Event: 4,708 GC heap after
{Heap after GC invocations=70 (full 2):
 PSYoungGen      total 11776K, used 2284K [0x00000000eab00000, 0x00000000eb900000, 0x0000000100000000)
  eden space 9216K, 0% used [0x00000000eab00000,0x00000000eab00000,0x00000000eb400000)
  from space 2560K, 89% used [0x00000000eb680000,0x00000000eb8bb018,0x00000000eb900000)
  to   space 2560K, 0% used [0x00000000eb400000,0x00000000eb400000,0x00000000eb680000)
 ParOldGen       total 145920K, used 145521K [0x00000000c0000000, 0x00000000c8e80000, 0x00000000eab00000)
  object space 145920K, 99% used [0x00000000c0000000,0x00000000c8e1c4c0,0x00000000c8e80000)
 Metaspace       used 54836K, committed 56064K, reserved 1114112K
  class space    used 5664K, committed 6208K, reserved 1048576K
}
Event: 4,725 GC heap before
{Heap before GC invocations=71 (full 2):
 PSYoungGen      total 11776K, used 11500K [0x00000000eab00000, 0x00000000eb900000, 0x0000000100000000)
  eden space 9216K, 100% used [0x00000000eab00000,0x00000000eb400000,0x00000000eb400000)
  from space 2560K, 89% used [0x00000000eb680000,0x00000000eb8bb018,0x00000000eb900000)
  to   space 2560K, 0% used [0x00000000eb400000,0x00000000eb400000,0x00000000eb680000)
 ParOldGen       total 145920K, used 145521K [0x00000000c0000000, 0x00000000c8e80000, 0x00000000eab00000)
  object space 145920K, 99% used [0x00000000c0000000,0x00000000c8e1c4c0,0x00000000c8e80000)
 Metaspace       used 54836K, committed 56064K, reserved 1114112K
  class space    used 5664K, committed 6208K, reserved 1048576K
}
Event: 4,727 GC heap after
{Heap after GC invocations=71 (full 2):
 PSYoungGen      total 11776K, used 2314K [0x00000000eab00000, 0x00000000eb900000, 0x0000000100000000)
  eden space 9216K, 0% used [0x00000000eab00000,0x00000000eab00000,0x00000000eb400000)
  from space 2560K, 90% used [0x00000000eb400000,0x00000000eb642830,0x00000000eb680000)
  to   space 2560K, 0% used [0x00000000eb680000,0x00000000eb680000,0x00000000eb900000)
 ParOldGen       total 147968K, used 147650K [0x00000000c0000000, 0x00000000c9080000, 0x00000000eab00000)
  object space 147968K, 99% used [0x00000000c0000000,0x00000000c9030a40,0x00000000c9080000)
 Metaspace       used 54836K, committed 56064K, reserved 1114112K
  class space    used 5664K, committed 6208K, reserved 1048576K
}
Event: 4,743 GC heap before
{Heap before GC invocations=72 (full 2):
 PSYoungGen      total 11776K, used 11530K [0x00000000eab00000, 0x00000000eb900000, 0x0000000100000000)
  eden space 9216K, 100% used [0x00000000eab00000,0x00000000eb400000,0x00000000eb400000)
  from space 2560K, 90% used [0x00000000eb400000,0x00000000eb642830,0x00000000eb680000)
  to   space 2560K, 0% used [0x00000000eb680000,0x00000000eb680000,0x00000000eb900000)
 ParOldGen       total 147968K, used 147650K [0x00000000c0000000, 0x00000000c9080000, 0x00000000eab00000)
  object space 147968K, 99% used [0x00000000c0000000,0x00000000c9030a40,0x00000000c9080000)
 Metaspace       used 54836K, committed 56064K, reserved 1114112K
  class space    used 5664K, committed 6208K, reserved 1048576K
}
Event: 4,745 GC heap after
{Heap after GC invocations=72 (full 2):
 PSYoungGen      total 11776K, used 2300K [0x00000000eab00000, 0x00000000eb900000, 0x0000000100000000)
  eden space 9216K, 0% used [0x00000000eab00000,0x00000000eab00000,0x00000000eb400000)
  from space 2560K, 89% used [0x00000000eb680000,0x00000000eb8bf080,0x00000000eb900000)
  to   space 2560K, 0% used [0x00000000eb400000,0x00000000eb400000,0x00000000eb680000)
 ParOldGen       total 150016K, used 149731K [0x00000000c0000000, 0x00000000c9280000, 0x00000000eab00000)
  object space 150016K, 99% used [0x00000000c0000000,0x00000000c9238f18,0x00000000c9280000)
 Metaspace       used 54836K, committed 56064K, reserved 1114112K
  class space    used 5664K, committed 6208K, reserved 1048576K
}

